0 info it worked if it ends with ok
1 verbose cli [ 'C:\\Program Files\\nodejs\\node.exe',
1 verbose cli   'C:\\Users\\DevOps\\AppData\\Roaming\\npm\\node_modules\\npm\\bin\\npm-cli.js',
1 verbose cli   'whoami' ]
2 info using npm@4.0.3
3 info using node@v7.2.1
4 verbose stack Error: this command requires you to be logged in.
4 verbose stack     at EventEmitter.whoami (C:\Users\DevOps\AppData\Roaming\npm\node_modules\npm\lib\whoami.js:42:18)
4 verbose stack     at Object.commandCache.(anonymous function) (C:\Users\DevOps\AppData\Roaming\npm\node_modules\npm\lib\npm.js:127:13)
4 verbose stack     at EventEmitter.<anonymous> (C:\Users\DevOps\AppData\Roaming\npm\node_modules\npm\bin\npm-cli.js:77:30)
4 verbose stack     at _combinedTickCallback (internal/process/next_tick.js:67:7)
4 verbose stack     at process._tickCallback (internal/process/next_tick.js:98:9)
5 verbose cwd C:\Users\DevOps\Documents\projects\gh-portfolio\rod09.github.io
6 error Windows_NT 10.0.14393
7 error argv "C:\\Program Files\\nodejs\\node.exe" "C:\\Users\\DevOps\\AppData\\Roaming\\npm\\node_modules\\npm\\bin\\npm-cli.js" "whoami"
8 error node v7.2.1
9 error npm  v4.0.3
10 error code ENEEDAUTH
11 error need auth this command requires you to be logged in.
12 error need auth You need to authorize this machine using `npm adduser`
13 verbose exit [ 1, true ]
